#
# There is insufficient memory for the Java Runtime Environment to continue.
# Native memory allocation (malloc) failed to allocate 127808 bytes for Chunk::new
# Possible reasons:
#   The system is out of physical RAM or swap space
#   In 32 bit mode, the process size limit was hit
# Possible solutions:
#   Reduce memory load on the system
#   Increase physical memory or swap space
#   Check if swap backing store is full
#   Use 64 bit Java on a 64 bit OS
#   Decrease Java heap size (-Xmx/-Xms)
#   Decrease number of Java threads
#   Decrease Java thread stack sizes (-Xss)
#   Set larger code cache with -XX:ReservedCodeCacheSize=
# This output file may be truncated or incomplete.
#
#  Out of Memory Error (allocation.cpp:390), pid=9072, tid=0x0000000000002be8
#
# JRE version: OpenJDK Runtime Environment (8.0_152-b02) (build 1.8.0_152-release-1024-b02)
# Java VM: OpenJDK 64-Bit Server VM (25.152-b02 mixed mode windows-amd64 compressed oops)
# Failed to write core dump. Minidumps are not enabled by default on client versions of Windows
#

---------------  T H R E A D  ---------------

Current thread (0x00000000169ca000):  JavaThread "C2 CompilerThread0" daemon [_thread_in_native, id=11240, stack(0x0000000018030000,0x0000000018130000)]

Stack: [0x0000000018030000,0x0000000018130000]
[error occurred during error reporting (printing stack bounds), id 0xc0000005]

Native frames: (J=compiled Java code, j=interpreted, Vv=VM code, C=native code)


Current CompileTask:
C2:  26014 3652       4       com.google.common.base.Equivalence$Wrapper::equals (53 bytes)


---------------  P R O C E S S  ---------------

Java Threads: ( => current thread )
  0x000000001cdc8800 JavaThread "Memory manager" [_thread_blocked, id=14836, stack(0x0000000020d60000,0x0000000020e60000)]
  0x000000001cdce800 JavaThread "build operations Thread 4" [_thread_blocked, id=8056, stack(0x0000000020660000,0x0000000020760000)]
  0x000000001cdcc000 JavaThread "build operations Thread 3" [_thread_blocked, id=4716, stack(0x0000000020560000,0x0000000020660000)]
  0x000000001cdca800 JavaThread "build operations Thread 2" [_thread_blocked, id=12240, stack(0x0000000020460000,0x0000000020560000)]
  0x000000001cdcd800 JavaThread "build operations" [_thread_blocked, id=13916, stack(0x0000000020360000,0x0000000020460000)]
  0x000000001cdca000 JavaThread "Cache worker for Artifact transforms cache (C:\Users\wesley\.gradle\caches\transforms-1)" [_thread_blocked, id=13056, stack(0x000000001ee10000,0x000000001ef10000)]
  0x000000001c180800 JavaThread "Cache worker for file hash cache (C:\Users\wesley\AndroidStudioProjects\NewsAppB\.gradle\4.4\fileHashes)" [_thread_blocked, id=14188, stack(0x000000001d540000,0x000000001d640000)]
  0x000000001ba92800 JavaThread "File lock request listener" [_thread_in_native, id=4728, stack(0x000000001c470000,0x000000001c570000)]
  0x00000000199f6800 JavaThread "Cache worker for file hash cache (C:\Users\wesley\.gradle\caches\4.4\fileHashes)" [_thread_blocked, id=6072, stack(0x000000001c370000,0x000000001c470000)]
  0x0000000018485000 JavaThread "Stdin handler" [_thread_blocked, id=14676, stack(0x000000001b0a0000,0x000000001b1a0000)]
  0x0000000018d5d800 JavaThread "Asynchronous log dispatcher for DefaultDaemonConnection: socket connection from /127.0.0.1:58199 to /127.0.0.1:58200" [_thread_blocked, id=228, stack(0x000000001afa0000,0x000000001b0a0000)]
  0x0000000019842800 JavaThread "Daemon worker" [_thread_in_vm, id=7664, stack(0x000000001aea0000,0x000000001afa0000)]
  0x0000000019841800 JavaThread "Cancel handler" [_thread_blocked, id=3700, stack(0x000000001ada0000,0x000000001aea0000)]
  0x000000001834f800 JavaThread "Handler for socket connection from /127.0.0.1:58199 to /127.0.0.1:58200" [_thread_in_native, id=10568, stack(0x000000001aaa0000,0x000000001aba0000)]
  0x000000001834e800 JavaThread "Daemon" [_thread_blocked, id=10196, stack(0x000000001a9a0000,0x000000001aaa0000)]
  0x0000000019945000 JavaThread "Daemon periodic checks" [_thread_blocked, id=7008, stack(0x000000001a8a0000,0x000000001a9a0000)]
  0x000000001994a800 JavaThread "Incoming local TCP Connector on port 58199" [_thread_in_native, id=8364, stack(0x000000001a640000,0x000000001a740000)]
  0x0000000018350800 JavaThread "Service Thread" daemon [_thread_blocked, id=14196, stack(0x0000000018730000,0x0000000018830000)]
  0x00000000169da800 JavaThread "C1 CompilerThread2" daemon [_thread_blocked, id=10080, stack(0x0000000018230000,0x0000000018330000)]
  0x00000000169cf800 JavaThread "C2 CompilerThread1" daemon [_thread_in_native, id=3660, stack(0x0000000018130000,0x0000000018230000)]
=>0x00000000169ca000 JavaThread "C2 CompilerThread0" daemon [_thread_in_native, id=11240, stack(0x0000000018030000,0x0000000018130000)]
  0x00000000169d6800 JavaThread "Attach Listener" daemon [_thread_blocked, id=11560, stack(0x0000000017f30000,0x0000000018030000)]
  0x00000000169d5000 JavaThread "Signal Dispatcher" daemon [_thread_blocked, id=12896, stack(0x0000000017e30000,0x0000000017f30000)]
  0x0000000002fac000 JavaThread "Finalizer" daemon [_thread_blocked, id=13336, stack(0x0000000017c20000,0x0000000017d20000)]
  0x0000000002fa1000 JavaThread "Reference Handler" daemon [_thread_blocked, id=10352, stack(0x0000000017b20000,0x0000000017c20000)]
  0x000000000305e000 JavaThread "main" [_thread_blocked, id=12296, stack(0x0000000002da0000,0x0000000002ea0000)]

Other Threads:
  0x0000000016996800 VMThread [stack: 0x0000000017a20000,0x0000000017b20000] [id=7080]
  0x0000000018351000 WatcherThread [stack: 0x0000000018830000,0x0000000018930000] [id=3972]

VM state:not at safepoint (normal execution)

VM Mutex/Monitor currently owned by a thread: None

Heap:
 PSYoungGen      total 73728K, used 48422K [0x00000000e0000000, 0x00000000e5980000, 0x0000000100000000)
  eden space 62976K, 76% used [0x00000000e0000000,0x00000000e2f49ad0,0x00000000e3d80000)
  from space 10752K, 0% used [0x00000000e4800000,0x00000000e4800000,0x00000000e5280000)
  to   space 10752K, 0% used [0x00000000e3d80000,0x00000000e3d80000,0x00000000e4800000)
 ParOldGen       total 98304K, used 14320K [0x00000000a0000000, 0x00000000a6000000, 0x00000000e0000000)
  object space 98304K, 14% used [0x00000000a0000000,0x00000000a0dfc3e8,0x00000000a6000000)
 Metaspace       used 36860K, capacity 37518K, committed 37720K, reserved 1081344K
  class space    used 5035K, capacity 5237K, committed 5248K, reserved 1048576K

Card table byte_map: [0x0000000012420000,0x0000000012730000] byte_map_base: 0x0000000011f20000

Marking Bits: (ParMarkBitMap*) 0x000000006d814970
 Begin Bits: [0x0000000012d30000, 0x0000000014530000)
 End Bits:   [0x0000000014530000, 0x0000000015d30000)

Polling page: 0x0000000001130000

CodeCache: size=245760Kb used=11857Kb max_used=11857Kb free=233902Kb
 bounds [0x0000000003060000, 0x0000000003c00000, 0x0000000012060000]
 total_blobs=4120 nmethods=3418 adapters=615
 compilation: enabled

Compilation events (10 events):
Event: 25.955 Thread 0x00000000169da800 3732       3       org.objectweb.asm.FieldVisitor::<init> (35 bytes)
Event: 25.955 Thread 0x00000000169da800 nmethod 3732 0x0000000003bf9f90 code [0x0000000003bfa100, 0x0000000003bfa408]
Event: 25.956 Thread 0x00000000169da800 3733       3       org.objectweb.asm.MethodWriter::writeFrame (551 bytes)
Event: 25.958 Thread 0x00000000169da800 nmethod 3733 0x0000000003bf8210 code [0x0000000003bf8560, 0x0000000003bf9478]
Event: 25.976 Thread 0x00000000169da800 3734       1       org.gradle.model.internal.core.AbstractModelAction::getSubject (5 bytes)
Event: 25.977 Thread 0x00000000169da800 nmethod 3734 0x0000000003bfd590 code [0x0000000003bfd6e0, 0x0000000003bfd7f0]
Event: 25.978 Thread 0x00000000169da800 3735       3       org.gradle.model.internal.registry.ModelNodeInternal::isAtLeast (17 bytes)
Event: 25.978 Thread 0x00000000169da800 nmethod 3735 0x0000000003bfd850 code [0x0000000003bfd9c0, 0x0000000003bfdcf8]
Event: 25.978 Thread 0x00000000169da800 3736       3       java.util.LinkedList::remove (77 bytes)
Event: 25.979 Thread 0x00000000169da800 nmethod 3736 0x0000000003bfddd0 code [0x0000000003bfdf80, 0x0000000003bfe488]

GC Heap History (10 events):
Event: 16.181 GC heap before
{Heap before GC invocations=8 (full 1):
 PSYoungGen      total 42496K, used 36824K [0x00000000e0000000, 0x00000000e4200000, 0x0000000100000000)
  eden space 32768K, 100% used [0x00000000e0000000,0x00000000e2000000,0x00000000e2000000)
  from space 9728K, 41% used [0x00000000e2980000,0x00000000e2d763f0,0x00000000e3300000)
  to   space 9728K, 0% used [0x00000000e2000000,0x00000000e2000000,0x00000000e2980000)
 ParOldGen       total 63488K, used 7821K [0x00000000a0000000, 0x00000000a3e00000, 0x00000000e0000000)
  object space 63488K, 12% used [0x00000000a0000000,0x00000000a07a3710,0x00000000a3e00000)
 Metaspace       used 26657K, capacity 27184K, committed 27392K, reserved 1073152K
  class space    used 3673K, capacity 3833K, committed 3840K, reserved 1048576K
Event: 16.191 GC heap after
Heap after GC invocations=8 (full 1):
 PSYoungGen      total 42496K, used 4959K [0x00000000e0000000, 0x00000000e4180000, 0x0000000100000000)
  eden space 32768K, 0% used [0x00000000e0000000,0x00000000e0000000,0x00000000e2000000)
  from space 9728K, 50% used [0x00000000e2000000,0x00000000e24d7df0,0x00000000e2980000)
  to   space 9728K, 0% used [0x00000000e3800000,0x00000000e3800000,0x00000000e4180000)
 ParOldGen       total 63488K, used 7829K [0x00000000a0000000, 0x00000000a3e00000, 0x00000000e0000000)
  object space 63488K, 12% used [0x00000000a0000000,0x00000000a07a5710,0x00000000a3e00000)
 Metaspace       used 26657K, capacity 27184K, committed 27392K, reserved 1073152K
  class space    used 3673K, capacity 3833K, committed 3840K, reserved 1048576K
}
Event: 17.179 GC heap before
{Heap before GC invocations=9 (full 1):
 PSYoungGen      total 42496K, used 37727K [0x00000000e0000000, 0x00000000e4180000, 0x0000000100000000)
  eden space 32768K, 100% used [0x00000000e0000000,0x00000000e2000000,0x00000000e2000000)
  from space 9728K, 50% used [0x00000000e2000000,0x00000000e24d7df0,0x00000000e2980000)
  to   space 9728K, 0% used [0x00000000e3800000,0x00000000e3800000,0x00000000e4180000)
 ParOldGen       total 63488K, used 7829K [0x00000000a0000000, 0x00000000a3e00000, 0x00000000e0000000)
  object space 63488K, 12% used [0x00000000a0000000,0x00000000a07a5710,0x00000000a3e00000)
 Metaspace       used 28619K, capacity 29104K, committed 29312K, reserved 1075200K
  class space    used 4009K, capacity 4153K, committed 4224K, reserved 1048576K
Event: 17.190 GC heap after
Heap after GC invocations=9 (full 1):
 PSYoungGen      total 57344K, used 5966K [0x00000000e0000000, 0x00000000e4100000, 0x0000000100000000)
  eden space 48128K, 0% used [0x00000000e0000000,0x00000000e0000000,0x00000000e2f00000)
  from space 9216K, 64% used [0x00000000e3800000,0x00000000e3dd38f8,0x00000000e4100000)
  to   space 9216K, 0% used [0x00000000e2f00000,0x00000000e2f00000,0x00000000e3800000)
 ParOldGen       total 63488K, used 7837K [0x00000000a0000000, 0x00000000a3e00000, 0x00000000e0000000)
  object space 63488K, 12% used [0x00000000a0000000,0x00000000a07a7710,0x00000000a3e00000)
 Metaspace       used 28619K, capacity 29104K, committed 29312K, reserved 1075200K
  class space    used 4009K, capacity 4153K, committed 4224K, reserved 1048576K
}
Event: 20.780 GC heap before
{Heap before GC invocations=10 (full 1):
 PSYoungGen      total 57344K, used 54094K [0x00000000e0000000, 0x00000000e4100000, 0x0000000100000000)
  eden space 48128K, 100% used [0x00000000e0000000,0x00000000e2f00000,0x00000000e2f00000)
  from space 9216K, 64% used [0x00000000e3800000,0x00000000e3dd38f8,0x00000000e4100000)
  to   space 9216K, 0% used [0x00000000e2f00000,0x00000000e2f00000,0x00000000e3800000)
 ParOldGen       total 63488K, used 7837K [0x00000000a0000000, 0x00000000a3e00000, 0x00000000e0000000)
  object space 63488K, 12% used [0x00000000a0000000,0x00000000a07a7710,0x00000000a3e00000)
 Metaspace       used 33654K, capacity 34262K, committed 34432K, reserved 1079296K
  class space    used 4686K, capacity 4897K, committed 4992K, reserved 1048576K
Event: 20.829 GC heap after
Heap after GC invocations=10 (full 1):
 PSYoungGen      total 57344K, used 9201K [0x00000000e0000000, 0x00000000e5280000, 0x0000000100000000)
  eden space 48128K, 0% used [0x00000000e0000000,0x00000000e0000000,0x00000000e2f00000)
  from space 9216K, 99% used [0x00000000e2f00000,0x00000000e37fc7a0,0x00000000e3800000)
  to   space 10752K, 0% used [0x00000000e4800000,0x00000000e4800000,0x00000000e5280000)
 ParOldGen       total 63488K, used 8523K [0x00000000a0000000, 0x00000000a3e00000, 0x00000000e0000000)
  object space 63488K, 13% used [0x00000000a0000000,0x00000000a0852ff0,0x00000000a3e00000)
 Metaspace       used 33654K, capacity 34262K, committed 34432K, reserved 1079296K
  class space    used 4686K, capacity 4897K, committed 4992K, reserved 1048576K
}
Event: 21.650 GC heap before
{Heap before GC invocations=11 (full 1):
 PSYoungGen      total 57344K, used 15448K [0x00000000e0000000, 0x00000000e5280000, 0x0000000100000000)
  eden space 48128K, 12% used [0x00000000e0000000,0x00000000e0619be0,0x00000000e2f00000)
  from space 9216K, 99% used [0x00000000e2f00000,0x00000000e37fc7a0,0x00000000e3800000)
  to   space 10752K, 0% used [0x00000000e4800000,0x00000000e4800000,0x00000000e5280000)
 ParOldGen       total 63488K, used 8523K [0x00000000a0000000, 0x00000000a3e00000, 0x00000000e0000000)
  object space 63488K, 13% used [0x00000000a0000000,0x00000000a0852ff0,0x00000000a3e00000)
 Metaspace       used 34755K, capacity 35310K, committed 35416K, reserved 1079296K
  class space    used 4788K, capacity 4971K, committed 4992K, reserved 1048576K
Event: 21.724 GC heap after
Heap after GC invocations=11 (full 1):
 PSYoungGen      total 73728K, used 7840K [0x00000000e0000000, 0x00000000e5980000, 0x0000000100000000)
  eden space 62976K, 0% used [0x00000000e0000000,0x00000000e0000000,0x00000000e3d80000)
  from space 10752K, 72% used [0x00000000e4800000,0x00000000e4fa8300,0x00000000e5280000)
  to   space 10752K, 0% used [0x00000000e3d80000,0x00000000e3d80000,0x00000000e4800000)
 ParOldGen       total 63488K, used 8531K [0x00000000a0000000, 0x00000000a3e00000, 0x00000000e0000000)
  object space 63488K, 13% used [0x00000000a0000000,0x00000000a0854ff0,0x00000000a3e00000)
 Metaspace       used 34755K, capacity 35310K, committed 35416K, reserved 1079296K
  class space    used 4788K, capacity 4971K, committed 4992K, reserved 1048576K
}
Event: 21.724 GC heap before
{Heap before GC invocations=12 (full 2):
 PSYoungGen      total 73728K, used 7840K [0x00000000e0000000, 0x00000000e5980000, 0x0000000100000000)
  eden space 62976K, 0% used [0x00000000e0000000,0x00000000e0000000,0x00000000e3d80000)
  from space 10752K, 72% used [0x00000000e4800000,0x00000000e4fa8300,0x00000000e5280000)
  to   space 10752K, 0% used [0x00000000e3d80000,0x00000000e3d80000,0x00000000e4800000)
 ParOldGen       total 63488K, used 8531K [0x00000000a0000000, 0x00000000a3e00000, 0x00000000e0000000)
  object space 63488K, 13% used [0x00000000a0000000,0x00000000a0854ff0,0x00000000a3e00000)
 Metaspace       used 34755K, capacity 35310K, committed 35416K, reserved 1079296K
  class space    used 4788K, capacity 4971K, committed 4992K, reserved 1048576K
Event: 22.306 GC heap after
Heap after GC invocations=12 (full 2):
 PSYoungGen      total 73728K, used 0K [0x00000000e0000000, 0x00000000e5980000, 0x0000000100000000)
  eden space 62976K, 0% used [0x00000000e0000000,0x00000000e0000000,0x00000000e3d80000)
  from space 10752K, 0% used [0x00000000e4800000,0x00000000e4800000,0x00000000e5280000)
  to   space 10752K, 0% used [0x00000000e3d80000,0x00000000e3d80000,0x00000000e4800000)
 ParOldGen       total 98304K, used 14320K [0x00000000a0000000, 0x00000000a6000000, 0x00000000e0000000)
  object space 98304K, 14% used [0x00000000a0000000,0x00000000a0dfc3e8,0x00000000a6000000)
 Metaspace       used 34755K, capacity 35310K, committed 35416K, reserved 1079296K
  class space    used 4788K, capacity 4971K, committed 4992K, reserved 1048576K
}

Deoptimization events (10 events):
Event: 25.543 Thread 0x0000000019842800 Uncommon trap: reason=unstable_if action=reinterpret pc=0x0000000003b821f8 method=java.lang.reflect.Modifier.toString(I)Ljava/lang/String; @ 123
Event: 25.544 Thread 0x0000000019842800 Uncommon trap: reason=unstable_if action=reinterpret pc=0x000000000352d9ac method=java.lang.reflect.Modifier.toString(I)Ljava/lang/String; @ 123
Event: 25.918 Thread 0x0000000019842800 Uncommon trap: reason=speculate_class_check action=maybe_recompile pc=0x0000000003b999e4 method=com.google.common.base.Equivalence.hash(Ljava/lang/Object;)I @ 8
Event: 25.918 Thread 0x0000000019842800 Uncommon trap: reason=speculate_class_check action=maybe_recompile pc=0x0000000003b999e4 method=com.google.common.base.Equivalence.hash(Ljava/lang/Object;)I @ 8
Event: 25.918 Thread 0x0000000019842800 Uncommon trap: reason=speculate_class_check action=maybe_recompile pc=0x0000000003b999e4 method=com.google.common.base.Equivalence.hash(Ljava/lang/Object;)I @ 8
Event: 25.918 Thread 0x0000000019842800 Uncommon trap: reason=speculate_class_check action=maybe_recompile pc=0x0000000003b999e4 method=com.google.common.base.Equivalence.hash(Ljava/lang/Object;)I @ 8
Event: 25.919 Thread 0x0000000019842800 Uncommon trap: reason=class_check action=maybe_recompile pc=0x0000000003bc5af4 method=com.google.common.collect.AbstractMapBasedMultimap$WrappedCollection$WrappedIterator.hasNext()Z @ 8
Event: 25.919 Thread 0x0000000019842800 Uncommon trap: reason=class_check action=maybe_recompile pc=0x0000000003bc5af4 method=com.google.common.collect.AbstractMapBasedMultimap$WrappedCollection$WrappedIterator.hasNext()Z @ 8
Event: 25.919 Thread 0x0000000019842800 Uncommon trap: reason=class_check action=maybe_recompile pc=0x0000000003bc5af4 method=com.google.common.collect.AbstractMapBasedMultimap$WrappedCollection$WrappedIterator.hasNext()Z @ 8
Event: 25.919 Thread 0x0000000019842800 Uncommon trap: reason=class_check action=maybe_recompile pc=0x0000000003bc5af4 method=com.google.common.collect.AbstractMapBasedMultimap$WrappedCollection$WrappedIterator.hasNext()Z @ 8

Classes redefined (0 events):
No events

Internal exceptions (10 events):
Event: 18.892 Thread 0x0000000019842800 Exception <a 'java/lang/ClassNotFoundException': org/gradle/api/internal/AbstractTaskCustomizer> (0x00000000e1bc7380) thrown at [D:\src\AOSP-openjdk-cygwin\jdk8u\hotspot\src\share\vm\classfile\systemDictionary.cpp, line 210]
Event: 18.899 Thread 0x0000000019842800 Exception <a 'java/lang/ClassNotFoundException': org/gradle/api/DefaultTaskCustomizer> (0x00000000e1c4f018) thrown at [D:\src\AOSP-openjdk-cygwin\jdk8u\hotspot\src\share\vm\classfile\systemDictionary.cpp, line 210]
Event: 18.902 Thread 0x0000000019842800 Exception <a 'java/lang/ClassNotFoundException': org/gradle/api/internal/ConventionTaskCustomizer> (0x00000000e1c88890) thrown at [D:\src\AOSP-openjdk-cygwin\jdk8u\hotspot\src\share\vm\classfile\systemDictionary.cpp, line 210]
Event: 18.910 Thread 0x0000000019842800 Exception <a 'java/lang/ClassNotFoundException': org/gradle/api/tasks/DeleteCustomizer> (0x00000000e1cbffc0) thrown at [D:\src\AOSP-openjdk-cygwin\jdk8u\hotspot\src\share\vm\classfile\systemDictionary.cpp, line 210]
Event: 18.919 Thread 0x0000000019842800 Exception <a 'java/lang/ClassNotFoundException': org/gradle/api/tasks/Delete_DecoratedCustomizer> (0x00000000e1d050a8) thrown at [D:\src\AOSP-openjdk-cygwin\jdk8u\hotspot\src\share\vm\classfile\systemDictionary.cpp, line 210]
Event: 19.009 Thread 0x0000000019842800 Exception <a 'java/lang/ClassNotFoundException': build_8g2or2m0r0p1x2y5qoh18ljb5BeanInfo> (0x00000000e1e215c8) thrown at [D:\src\AOSP-openjdk-cygwin\jdk8u\hotspot\src\share\vm\classfile\systemDictionary.cpp, line 210]
Event: 19.011 Thread 0x0000000019842800 Exception <a 'java/lang/ClassNotFoundException': build_8g2or2m0r0p1x2y5qoh18ljb5Customizer> (0x00000000e1e2baa8) thrown at [D:\src\AOSP-openjdk-cygwin\jdk8u\hotspot\src\share\vm\classfile\systemDictionary.cpp, line 210]
Event: 19.023 Thread 0x0000000019842800 Exception <a 'java/lang/ClassNotFoundException': org/gradle/api/internal/plugins/DefaultObjectConfigurationActionBeanInfo> (0x00000000e1e90ac8) thrown at [D:\src\AOSP-openjdk-cygwin\jdk8u\hotspot\src\share\vm\classfile\systemDictionary.cpp, line 210]
Event: 19.025 Thread 0x0000000019842800 Exception <a 'java/lang/ClassNotFoundException': org/gradle/api/internal/plugins/DefaultObjectConfigurationActionCustomizer> (0x00000000e1ec6db8) thrown at [D:\src\AOSP-openjdk-cygwin\jdk8u\hotspot\src\share\vm\classfile\systemDictionary.cpp, line 210]
Event: 23.275 Thread 0x0000000019842800 Exception <a 'sun/nio/fs/WindowsException'> (0x00000000e04d3a20) thrown at [D:\src\AOSP-openjdk-cygwin\jdk8u\hotspot\src\share\vm\prims\jni.cpp, line 709]

Events (10 events):
Event: 25.945 loading class org/gradle/api/tasks/SourceSet
Event: 25.945 loading class org/gradle/api/tasks/SourceSet done
Event: 25.958 loading class org/gradle/api/internal/tasks/DefaultSourceSetContainer$1
Event: 25.958 loading class org/gradle/api/internal/tasks/DefaultSourceSetContainer$1 done
Event: 25.959 loading class org/gradle/api/plugins/JavaBasePlugin$8
Event: 25.960 loading class org/gradle/api/plugins/JavaBasePlugin$8 done
Event: 25.962 loading class org/gradle/api/plugins/JavaBasePlugin$2
Event: 25.962 loading class org/gradle/api/plugins/JavaBasePlugin$2 done
Event: 25.979 loading class org/gradle/api/tasks/javadoc/Javadoc
Event: 25.979 loading class org/gradle/api/tasks/javadoc/Javadoc done


Dynamic libraries:
0x00007ff6b19e0000 - 0x00007ff6b1a11000 	C:\Program Files\Android\Android Studio\jre\bin\java.exe
0x00007ffa3f1d0000 - 0x00007ffa3f3bd000 	C:\WINDOWS\SYSTEM32\ntdll.dll
0x00007ffa3e870000 - 0x00007ffa3e923000 	C:\WINDOWS\System32\KERNEL32.DLL
0x00007ffa3b840000 - 0x00007ffa3bad3000 	C:\WINDOWS\System32\KERNELBASE.dll
0x00007ffa3ec60000 - 0x00007ffa3ed03000 	C:\WINDOWS\System32\ADVAPI32.dll
0x00007ffa3ed10000 - 0x00007ffa3edae000 	C:\WINDOWS\System32\msvcrt.dll
0x00007ffa3c470000 - 0x00007ffa3c50e000 	C:\WINDOWS\System32\sechost.dll
0x00007ffa3c900000 - 0x00007ffa3ca22000 	C:\WINDOWS\System32\RPCRT4.dll
0x00007ffa3c700000 - 0x00007ffa3c897000 	C:\WINDOWS\System32\USER32.dll
0x00007ffa3b410000 - 0x00007ffa3b430000 	C:\WINDOWS\System32\win32u.dll
0x00007ffa3e6f0000 - 0x00007ffa3e719000 	C:\WINDOWS\System32\GDI32.dll
0x00007ffa3bae0000 - 0x00007ffa3bc79000 	C:\WINDOWS\System32\gdi32full.dll
0x00007ffa3c3d0000 - 0x00007ffa3c470000 	C:\WINDOWS\System32\msvcp_win.dll
0x00007ffa3b310000 - 0x00007ffa3b40a000 	C:\WINDOWS\System32\ucrtbase.dll
0x00007ffa272b0000 - 0x00007ffa27529000 	C:\WINDOWS\WinSxS\amd64_microsoft.windows.common-controls_6595b64144ccf1df_6.0.17763.864_none_05b3441807210760\COMCTL32.dll
0x00007ffa3e930000 - 0x00007ffa3ec5c000 	C:\WINDOWS\System32\combase.dll
0x00007ffa3b430000 - 0x00007ffa3b4ae000 	C:\WINDOWS\System32\bcryptPrimitives.dll
0x00007ffa3d140000 - 0x00007ffa3d16e000 	C:\WINDOWS\System32\IMM32.DLL
0x000000006ddc0000 - 0x000000006de92000 	C:\Program Files\Android\Android Studio\jre\jre\bin\msvcr100.dll
0x000000006d050000 - 0x000000006d88f000 	C:\Program Files\Android\Android Studio\jre\jre\bin\server\jvm.dll
0x00007ffa3d1e0000 - 0x00007ffa3d1e8000 	C:\WINDOWS\System32\PSAPI.DLL
0x00007ffa32c10000 - 0x00007ffa32c19000 	C:\WINDOWS\SYSTEM32\WSOCK32.dll
0x00007ffa38e40000 - 0x00007ffa38e64000 	C:\WINDOWS\SYSTEM32\WINMM.dll
0x00007ffa3d170000 - 0x00007ffa3d1dd000 	C:\WINDOWS\System32\WS2_32.dll
0x00007ffa2ac30000 - 0x00007ffa2ac3a000 	C:\WINDOWS\SYSTEM32\VERSION.dll
0x00007ffa38e10000 - 0x00007ffa38e3d000 	C:\WINDOWS\SYSTEM32\winmmbase.dll
0x00007ffa3b540000 - 0x00007ffa3b58a000 	C:\WINDOWS\System32\cfgmgr32.dll
0x00007ffa39370000 - 0x00007ffa3937f000 	C:\Program Files\Android\Android Studio\jre\jre\bin\verify.dll
0x00007ffa37280000 - 0x00007ffa372a9000 	C:\Program Files\Android\Android Studio\jre\jre\bin\java.dll
0x00007ffa36ab0000 - 0x00007ffa36ac6000 	C:\Program Files\Android\Android Studio\jre\jre\bin\zip.dll
0x00007ffa3d1f0000 - 0x00007ffa3e6e4000 	C:\WINDOWS\System32\SHELL32.dll
0x00007ffa3c640000 - 0x00007ffa3c6e8000 	C:\WINDOWS\System32\shcore.dll
0x00007ffa3bc80000 - 0x00007ffa3c3cd000 	C:\WINDOWS\System32\windows.storage.dll
0x00007ffa3b2e0000 - 0x00007ffa3b304000 	C:\WINDOWS\System32\profapi.dll
0x00007ffa3b280000 - 0x00007ffa3b2dd000 	C:\WINDOWS\System32\powrprof.dll
0x00007ffa3d010000 - 0x00007ffa3d062000 	C:\WINDOWS\System32\shlwapi.dll
0x00007ffa3b240000 - 0x00007ffa3b251000 	C:\WINDOWS\System32\kernel.appcore.dll
0x00007ffa3b590000 - 0x00007ffa3b5a7000 	C:\WINDOWS\System32\cryptsp.dll
0x00007ffa36a90000 - 0x00007ffa36aaa000 	C:\Program Files\Android\Android Studio\jre\jre\bin\net.dll
0x00007ffa3aa50000 - 0x00007ffa3aab7000 	C:\WINDOWS\system32\mswsock.dll
0x00007ffa36a70000 - 0x00007ffa36a81000 	C:\Program Files\Android\Android Studio\jre\jre\bin\nio.dll
0x00007ffa32f60000 - 0x00007ffa32f7e000 	C:\Users\wesley\.gradle\native\25\windows-amd64\native-platform.dll
0x00007ffa39360000 - 0x00007ffa3936d000 	C:\Program Files\Android\Android Studio\jre\jre\bin\management.dll
0x00007ffa3a5d0000 - 0x00007ffa3a603000 	C:\WINDOWS\system32\rsaenh.dll
0x00007ffa3b510000 - 0x00007ffa3b536000 	C:\WINDOWS\System32\bcrypt.dll
0x00007ffa3b140000 - 0x00007ffa3b168000 	C:\WINDOWS\SYSTEM32\USERENV.dll
0x00007ffa3ac20000 - 0x00007ffa3ac2c000 	C:\WINDOWS\SYSTEM32\CRYPTBASE.dll
0x00007ffa3a770000 - 0x00007ffa3a7ad000 	C:\WINDOWS\SYSTEM32\IPHLPAPI.DLL
0x00007ffa3c6f0000 - 0x00007ffa3c6f8000 	C:\WINDOWS\System32\NSI.dll
0x00007ffa32bd0000 - 0x00007ffa32be6000 	C:\WINDOWS\SYSTEM32\dhcpcsvc6.DLL
0x00007ffa323c0000 - 0x00007ffa323dc000 	C:\WINDOWS\SYSTEM32\dhcpcsvc.DLL
0x00007ffa3a7b0000 - 0x00007ffa3a876000 	C:\WINDOWS\SYSTEM32\DNSAPI.dll

VM Arguments:
jvm_args: -Xmx1536m -Dfile.encoding=windows-1252 -Duser.country=BR -Duser.language=pt -Duser.variant 
java_command: org.gradle.launcher.daemon.bootstrap.GradleDaemon 4.4
java_class_path (initial): C:\Users\wesley\.gradle\wrapper\dists\gradle-4.4-all\9br9xq1tocpiv8o6njlyu5op1\gradle-4.4\lib\gradle-launcher-4.4.jar
Launcher Type: SUN_STANDARD

Environment Variables:
JAVA_HOME=C:\Program Files\Java\jdk-12.0.2
CLASSPATH=;C:\Program Files\Java\jdk-12.0.2\lib;C:\Program Files\Java\jdk-12.0.2\lib\tools.jar;C:\Program Files\Java\jdk-12.0.2\lib\dt.jar;
PATH=C:\Program Files\Common Files\microsoft shared;C:\Program Files\Java\jdk-12.0.2\bin;C:\WINDOWS\system32;C:\WINDOWS;C:\WINDOWS\System32\Wbem;C:\WINDOWS\System32\WindowsPowerShell\v1.0\;C:\WINDOWS\System32\OpenSSH\;C:\Program Files\Git\cmd;C:\Program Files\MySQL\MySQL Shell 8.0\bin\;C:\Users\wesley\AppData\Local\Programs\Microsoft VS Code\bin
USERNAME=wesley
OS=Windows_NT
PROCESSOR_IDENTIFIER=Intel64 Family 6 Model 61 Stepping 4, GenuineIntel



---------------  S Y S T E M  ---------------

OS: Windows 10.0 , 64 bit Build 17763 (10.0.17763.475)

CPU:total 4 (initial active 4) (2 cores per cpu, 2 threads per core) family 6 model 61 stepping 4, cmov, cx8, fxsr, mmx, sse, sse2, sse3, ssse3, sse4.1, sse4.2, popcnt, avx, avx2, aes, clmul, erms, 3dnowpref, lzcnt, ht, tsc, tscinvbit, bmi1, bmi2, adx

Memory: 4k page, physical 8285036k(809456k free), swap 8285036k(1764k free)

vm_info: OpenJDK 64-Bit Server VM (25.152-b02) for windows-amd64 JRE (1.8.0_152-release-1024-b02), built by "builder" with MS VC++ 10.0 (VS2010)

time: Tue Dec 03 21:04:05 2019
elapsed time: 26 seconds (0d 0h 0m 26s)

